Successfully initialized wpa_supplicant
h2-eth0: Associated with 01:80:c2:00:00:03
WMM AC: Missing IEs
h2-eth0: CTRL-EVENT-SUBNET-STATUS-UPDATE status=0
h2-eth0: CTRL-EVENT-EAP-STARTED EAP authentication started
h2-eth0: CTRL-EVENT-EAP-PROPOSED-METHOD vendor=0 method=25
h2-eth0: CTRL-EVENT-EAP-METHOD EAP vendor 0 method 25 (PEAP) selected
h2-eth0: CTRL-EVENT-EAP-PEER-CERT depth=0 subject='/CN=xubuntu' hash=4a522294ffeca3e762ae857d8026ecf9edc6fe6f91186f3c063152713772f1f5
h2-eth0: CTRL-EVENT-EAP-PEER-ALT depth=0 DNS:xubuntu
h2-eth0: CTRL-EVENT-EAP-PEER-CERT depth=0 subject='/CN=xubuntu' hash=4a522294ffeca3e762ae857d8026ecf9edc6fe6f91186f3c063152713772f1f5
h2-eth0: CTRL-EVENT-EAP-PEER-ALT depth=0 DNS:xubuntu
EAP-MSCHAPV2: Authentication succeeded
EAP-TLV: TLV Result - Success - EAP-TLV/Phase2 Completed
h2-eth0: CTRL-EVENT-EAP-SUCCESS EAP authentication completed successfully
h2-eth0: CTRL-EVENT-CONNECTED - Connection to 01:80:c2:00:00:03 completed [id=0 id_str=]
h2-eth0: CTRL-EVENT-DISCONNECTED bssid=01:80:c2:00:00:03 reason=3 locally_generated=1
h2-eth0: Associated with 01:80:c2:00:00:03
WMM AC: Missing IEs
h2-eth0: CTRL-EVENT-SUBNET-STATUS-UPDATE status=0
h2-eth0: CTRL-EVENT-DISCONNECTED bssid=01:80:c2:00:00:03 reason=3 locally_generated=1
h2-eth0: Associated with 01:80:c2:00:00:03
WMM AC: Missing IEs
h2-eth0: CTRL-EVENT-SUBNET-STATUS-UPDATE status=0
l2_packet_send - sendto: No such device or address
l2_packet_send - sendto: No such device or address
h2-eth0: CTRL-EVENT-EAP-FAILURE EAP authentication failed
l2_packet_send - sendto: No such device or address
l2_packet_send - sendto: No such device or address
l2_packet_send - sendto: No such device or address
l2_packet_send - sendto: No such device or address
l2_packet_send - sendto: No such device or address
l2_packet_send - sendto: No such device or address
l2_packet_send - sendto: No such device or address
l2_packet_send - sendto: No such device or address
l2_packet_send - sendto: No such device or address
l2_packet_send - sendto: No such device or address
l2_packet_send - sendto: No such device or address
l2_packet_send - sendto: No such device or address
l2_packet_send - sendto: No such device or address
l2_packet_send - sendto: No such device or address
l2_packet_send - sendto: No such device or address
l2_packet_send - sendto: No such device or address
l2_packet_send - sendto: No such device or address
l2_packet_send - sendto: No such device or address
l2_packet_send - sendto: No such device or address
l2_packet_send - sendto: No such device or address
l2_packet_send - sendto: No such device or address
l2_packet_send - sendto: No such device or address
l2_packet_send - sendto: No such device or address
l2_packet_send - sendto: No such device or address
l2_packet_send - sendto: No such device or address
l2_packet_send - sendto: No such device or address
l2_packet_send - sendto: No such device or address
l2_packet_send - sendto: No such device or address
l2_packet_send - sendto: No such device or address
l2_packet_send - sendto: No such device or address
l2_packet_send - sendto: No such device or address
l2_packet_send - sendto: No such device or address
l2_packet_send - sendto: No such device or address
l2_packet_send - sendto: No such device or address
l2_packet_send - sendto: No such device or address
l2_packet_send - sendto: No such device or address
l2_packet_send - sendto: No such device or address
l2_packet_send - sendto: No such device or address
l2_packet_send - sendto: No such device or address
l2_packet_send - sendto: No such device or address
l2_packet_send - sendto: No such device or address
l2_packet_send - sendto: No such device or address
l2_packet_send - sendto: No such device or address
l2_packet_send - sendto: No such device or address
l2_packet_send - sendto: No such device or address
l2_packet_send - sendto: No such device or address
l2_packet_send - sendto: No such device or address
l2_packet_send - sendto: No such device or address
l2_packet_send - sendto: No such device or address
l2_packet_send - sendto: No such device or address
l2_packet_send - sendto: No such device or address
l2_packet_send - sendto: No such device or address
l2_packet_send - sendto: No such device or address
l2_packet_send - sendto: No such device or address
l2_packet_send - sendto: No such device or address
l2_packet_send - sendto: No such device or address
l2_packet_send - sendto: No such device or address
l2_packet_send - sendto: No such device or address
l2_packet_send - sendto: No such device or address
l2_packet_send - sendto: No such device or address
l2_packet_send - sendto: No such device or address
l2_packet_send - sendto: No such device or address
l2_packet_send - sendto: No such device or address
l2_packet_send - sendto: No such device or address
l2_packet_send - sendto: No such device or address
l2_packet_send - sendto: No such device or address
l2_packet_send - sendto: No such device or address
l2_packet_send - sendto: No such device or address
l2_packet_send - sendto: No such device or address
l2_packet_send - sendto: No such device or address
l2_packet_send - sendto: No such device or address
l2_packet_send - sendto: No such device or address
l2_packet_send - sendto: No such device or address
l2_packet_send - sendto: No such device or address
l2_packet_send - sendto: No such device or address
l2_packet_send - sendto: No such device or address
l2_packet_send - sendto: No such device or address
l2_packet_send - sendto: No such device or address
l2_packet_send - sendto: No such device or address
l2_packet_send - sendto: No such device or address
l2_packet_send - sendto: No such device or address
l2_packet_send - sendto: No such device or address
l2_packet_send - sendto: No such device or address
l2_packet_send - sendto: No such device or address
l2_packet_send - sendto: No such device or address
l2_packet_send - sendto: No such device or address
l2_packet_send - sendto: No such device or address
l2_packet_send - sendto: No such device or address
l2_packet_send - sendto: No such device or address
l2_packet_send - sendto: No such device or address
l2_packet_send - sendto: No such device or address
l2_packet_send - sendto: No such device or address
l2_packet_send - sendto: No such device or address
l2_packet_send - sendto: No such device or address
l2_packet_send - sendto: No such device or address
l2_packet_send - sendto: No such device or address
l2_packet_send - sendto: No such device or address
l2_packet_send - sendto: No such device or address
l2_packet_send - sendto: No such device or address
l2_packet_send - sendto: No such device or address
l2_packet_send - sendto: No such device or address
l2_packet_send - sendto: No such device or address
l2_packet_send - sendto: No such device or address
l2_packet_send - sendto: No such device or address
l2_packet_send - sendto: No such device or address
l2_packet_send - sendto: No such device or address
h2-eth0: CTRL-EVENT-DISCONNECTED bssid=01:80:c2:00:00:03 reason=3 locally_generated=1
h2-eth0: CTRL-EVENT-SSID-TEMP-DISABLED id=0 ssid="" auth_failures=1 duration=10 reason=AUTH_FAILED
h2-eth0: CTRL-EVENT-TERMINATING 
rmdir[ctrl_interface=/var/run/wpa_supplicant]: No such file or directory
var/run/wpa_supplicant]: No such file or directory
var/run/wpa_supplicant]: No such file or directory
ice or address
l2_packet_send - sendto: No such device or address
l2_packet_send - sendto: No such device or address
l2_packet_send - sendto: No such device or address
h2-eth0: CTRL-EVENT-DISCONNECTED bssid=01:80:c2:00:00:03 reason=3 locally_generated=1
h2-eth0: CTRL-EVENT-SSID-TEMP-DISABLED id=0 ssid="" auth_failures=1 duration=10 reason=AUTH_FAILED
h2-eth0: CTRL-EVENT-TERMINATING 
rmdir[ctrl_interface=/var/run/wpa_supplicant]: No such file or directory
